<?xml version="1.0" encoding="UTF-8"?>
<!-- Generated by org.testng.reporters.JUnitReportReporter -->
<testsuite hostname="cskpcloudwn3819" failures="0" tests="1" name="com.amazonPom.testcases.TC01_ValidateBestSeller" time="18.532" errors="0" timestamp="2021-04-01T12:56:09 PDT" skipped="0">
  <testcase classname="com.amazonPom.testcases.TC01_ValidateBestSeller" name="validateBestSeller" time="18.532"/>
  <system-out/>
</testsuite> <!-- com.amazonPom.testcases.TC01_ValidateBestSeller -->
